# JRE version: OpenJDK Runtime Environment Temurin-21.0.10+7 (21.0.10+7) (build 21.0.10+7-LTS)
# Java VM: OpenJDK 64-Bit Server VM Temurin-21.0.10+7 (21.0.10+7-LTS, mixed mode, sharing, tiered, compressed oops, compressed class ptrs, parallel gc, windows-amd64)
GC Precious Log:
 CardTable entry size: 512
 CPUs: 8 total, 8 available
 Memory: 7914M
 Large Page Support: Disabled
 NUMA Support: Disabled
 Compressed Oops: Enabled (32-bit)
 Alignments: Space 512K, Generation 512K, Heap 2M
 Heap Min Capacity: 100M
 Heap Initial Capacity: 100M
 Heap Max Capacity: 2G
 Pre-touch: Disabled
 Parallel Workers: 8
Heap:
 PSYoungGen      total 13824K, used 1421K [0x00000000d5580000, 0x00000000d6480000, 0x0000000100000000)
  eden space 13312K, 8% used [0x00000000d5580000,0x00000000d56a3478,0x00000000d6280000)
  from space 512K, 50% used [0x00000000d6400000,0x00000000d6440000,0x00000000d6480000)
  to   space 512K, 0% used [0x00000000d6380000,0x00000000d6380000,0x00000000d6400000)
 ParOldGen       total 204800K, used 61810K [0x0000000080000000, 0x000000008c800000, 0x00000000d5580000)
  object space 204800K, 30% used [0x0000000080000000,0x0000000083c5c820,0x000000008c800000)
 Metaspace       used 60548K, committed 62080K, reserved 1114112K
  class space    used 6500K, committed 7168K, reserved 1048576K
GC Heap History (20 events):
Event: 373.994 GC heap before
{Heap before GC invocations=308 (full 2):
 PSYoungGen      total 14336K, used 1442K [0x00000000d5580000, 0x00000000d6480000, 0x0000000100000000)
  eden space 13312K, 3% used [0x00000000d5580000,0x00000000d55ff7c0,0x00000000d6280000)
  from space 1024K, 91% used [0x00000000d6300000,0x00000000d63e9420,0x00000000d6400000)
  to   space 512K, 0% used [0x00000000d6400000,0x00000000d6400000,0x00000000d6480000)
 ParOldGen       total 204288K, used 203834K [0x0000000080000000, 0x000000008c780000, 0x00000000d5580000)
  object space 204288K, 99% used [0x0000000080000000,0x000000008c70ebb0,0x000000008c780000)
 Metaspace       used 58394K, committed 59776K, reserved 1114112K
  class space    used 6350K, committed 6912K, reserved 1048576K
}
Event: 373.997 GC heap after
{Heap after GC invocations=308 (full 2):
 PSYoungGen      total 13824K, used 192K [0x00000000d5580000, 0x00000000d6480000, 0x0000000100000000)
  eden space 13312K, 0% used [0x00000000d5580000,0x00000000d5580000,0x00000000d6280000)
  from space 512K, 37% used [0x00000000d6400000,0x00000000d6430000,0x00000000d6480000)
  to   space 512K, 0% used [0x00000000d6380000,0x00000000d6380000,0x00000000d6400000)
 ParOldGen       total 204800K, used 204650K [0x0000000080000000, 0x000000008c800000, 0x00000000d5580000)
  object space 204800K, 99% used [0x0000000080000000,0x000000008c7da8c0,0x000000008c800000)
 Metaspace       used 58394K, committed 59776K, reserved 1114112K
  class space    used 6350K, committed 6912K, reserved 1048576K
}
Event: 373.997 GC heap before
{Heap before GC invocations=309 (full 3):
 PSYoungGen      total 13824K, used 192K [0x00000000d5580000, 0x00000000d6480000, 0x0000000100000000)
  eden space 13312K, 0% used [0x00000000d5580000,0x00000000d5580000,0x00000000d6280000)
  from space 512K, 37% used [0x00000000d6400000,0x00000000d6430000,0x00000000d6480000)
  to   space 512K, 0% used [0x00000000d6380000,0x00000000d6380000,0x00000000d6400000)
 ParOldGen       total 204800K, used 204650K [0x0000000080000000, 0x000000008c800000, 0x00000000d5580000)
  object space 204800K, 99% used [0x0000000080000000,0x000000008c7da8c0,0x000000008c800000)
 Metaspace       used 58394K, committed 59776K, reserved 1114112K
  class space    used 6350K, committed 6912K, reserved 1048576K
}
Event: 374.566 GC heap after
{Heap after GC invocations=309 (full 3):
 PSYoungGen      total 13824K, used 0K [0x00000000d5580000, 0x00000000d6480000, 0x0000000100000000)
  eden space 13312K, 0% used [0x00000000d5580000,0x00000000d5580000,0x00000000d6280000)
  from space 512K, 0% used [0x00000000d6400000,0x00000000d6400000,0x00000000d6480000)
  to   space 512K, 0% used [0x00000000d6380000,0x00000000d6380000,0x00000000d6400000)
 ParOldGen       total 204800K, used 37586K [0x0000000080000000, 0x000000008c800000, 0x00000000d5580000)
  object space 204800K, 18% used [0x0000000080000000,0x00000000824b49c0,0x000000008c800000)
 Metaspace       used 58392K, committed 59776K, reserved 1114112K
  class space    used 6349K, committed 6912K, reserved 1048576K
}
Event: 750.586 GC heap before
{Heap before GC invocations=310 (full 3):
 PSYoungGen      total 13824K, used 13312K [0x00000000d5580000, 0x00000000d6480000, 0x0000000100000000)
  eden space 13312K, 100% used [0x00000000d5580000,0x00000000d6280000,0x00000000d6280000)
  from space 512K, 0% used [0x00000000d6400000,0x00000000d6400000,0x00000000d6480000)
  to   space 512K, 0% used [0x00000000d6380000,0x00000000d6380000,0x00000000d6400000)
 ParOldGen       total 204800K, used 60626K [0x0000000080000000, 0x000000008c800000, 0x00000000d5580000)
  object space 204800K, 29% used [0x0000000080000000,0x0000000083b349e0,0x000000008c800000)
 Metaspace       used 58872K, committed 60416K, reserved 1114112K
  class space    used 6405K, committed 7040K, reserved 1048576K
}
Event: 750.588 GC heap after
{Heap after GC invocations=310 (full 3):
 PSYoungGen      total 13824K, used 458K [0x00000000d5580000, 0x00000000d6480000, 0x0000000100000000)
  eden space 13312K, 0% used [0x00000000d5580000,0x00000000d5580000,0x00000000d6280000)
  from space 512K, 89% used [0x00000000d6380000,0x00000000d63f2b70,0x00000000d6400000)
  to   space 512K, 0% used [0x00000000d6400000,0x00000000d6400000,0x00000000d6480000)
 ParOldGen       total 204800K, used 60634K [0x0000000080000000, 0x000000008c800000, 0x00000000d5580000)
  object space 204800K, 29% used [0x0000000080000000,0x0000000083b369e0,0x000000008c800000)
 Metaspace       used 58872K, committed 60416K, reserved 1114112K
  class space    used 6405K, committed 7040K, reserved 1048576K
}
Event: 858.696 GC heap before
{Heap before GC invocations=311 (full 3):
 PSYoungGen      total 13824K, used 13770K [0x00000000d5580000, 0x00000000d6480000, 0x0000000100000000)
  eden space 13312K, 100% used [0x00000000d5580000,0x00000000d6280000,0x00000000d6280000)
  from space 512K, 89% used [0x00000000d6380000,0x00000000d63f2b70,0x00000000d6400000)
  to   space 512K, 0% used [0x00000000d6400000,0x00000000d6400000,0x00000000d6480000)
 ParOldGen       total 204800K, used 60634K [0x0000000080000000, 0x000000008c800000, 0x00000000d5580000)
  object space 204800K, 29% used [0x0000000080000000,0x0000000083b369e0,0x000000008c800000)
 Metaspace       used 59187K, committed 60736K, reserved 1114112K
  class space    used 6418K, committed 7040K, reserved 1048576K
}
Event: 858.702 GC heap after
{Heap after GC invocations=311 (full 3):
 PSYoungGen      total 13824K, used 288K [0x00000000d5580000, 0x00000000d6480000, 0x0000000100000000)
  eden space 13312K, 0% used [0x00000000d5580000,0x00000000d5580000,0x00000000d6280000)
  from space 512K, 56% used [0x00000000d6400000,0x00000000d6448000,0x00000000d6480000)
  to   space 512K, 0% used [0x00000000d6380000,0x00000000d6380000,0x00000000d6400000)
 ParOldGen       total 204800K, used 60957K [0x0000000080000000, 0x000000008c800000, 0x00000000d5580000)
  object space 204800K, 29% used [0x0000000080000000,0x0000000083b87478,0x000000008c800000)
 Metaspace       used 59187K, committed 60736K, reserved 1114112K
  class space    used 6418K, committed 7040K, reserved 1048576K
}
Event: 912.634 GC heap before
{Heap before GC invocations=312 (full 3):
 PSYoungGen      total 13824K, used 13600K [0x00000000d5580000, 0x00000000d6480000, 0x0000000100000000)
  eden space 13312K, 100% used [0x00000000d5580000,0x00000000d6280000,0x00000000d6280000)
  from space 512K, 56% used [0x00000000d6400000,0x00000000d6448000,0x00000000d6480000)
  to   space 512K, 0% used [0x00000000d6380000,0x00000000d6380000,0x00000000d6400000)
 ParOldGen       total 204800K, used 60957K [0x0000000080000000, 0x000000008c800000, 0x00000000d5580000)
  object space 204800K, 29% used [0x0000000080000000,0x0000000083b87478,0x000000008c800000)
 Metaspace       used 59339K, committed 60864K, reserved 1114112K
  class space    used 6418K, committed 7040K, reserved 1048576K
}
Event: 912.637 GC heap after
{Heap after GC invocations=312 (full 3):
 PSYoungGen      total 13824K, used 256K [0x00000000d5580000, 0x00000000d6480000, 0x0000000100000000)
  eden space 13312K, 0% used [0x00000000d5580000,0x00000000d5580000,0x00000000d6280000)
  from space 512K, 50% used [0x00000000d6380000,0x00000000d63c0000,0x00000000d6400000)
  to   space 512K, 0% used [0x00000000d6400000,0x00000000d6400000,0x00000000d6480000)
 ParOldGen       total 204800K, used 61061K [0x0000000080000000, 0x000000008c800000, 0x00000000d5580000)
  object space 204800K, 29% used [0x0000000080000000,0x0000000083ba1478,0x000000008c800000)
 Metaspace       used 59339K, committed 60864K, reserved 1114112K
  class space    used 6418K, committed 7040K, reserved 1048576K
}
Event: 1292.681 GC heap before
{Heap before GC invocations=313 (full 3):
 PSYoungGen      total 13824K, used 13567K [0x00000000d5580000, 0x00000000d6480000, 0x0000000100000000)
  eden space 13312K, 99% used [0x00000000d5580000,0x00000000d627fd20,0x00000000d6280000)
  from space 512K, 50% used [0x00000000d6380000,0x00000000d63c0000,0x00000000d6400000)
  to   space 512K, 0% used [0x00000000d6400000,0x00000000d6400000,0x00000000d6480000)
 ParOldGen       total 204800K, used 61061K [0x0000000080000000, 0x000000008c800000, 0x00000000d5580000)
  object space 204800K, 29% used [0x0000000080000000,0x0000000083ba1478,0x000000008c800000)
 Metaspace       used 59464K, committed 60928K, reserved 1114112K
  class space    used 6421K, committed 7040K, reserved 1048576K
}
Event: 1292.687 GC heap after
{Heap after GC invocations=313 (full 3):
 PSYoungGen      total 13824K, used 256K [0x00000000d5580000, 0x00000000d6480000, 0x0000000100000000)
  eden space 13312K, 0% used [0x00000000d5580000,0x00000000d5580000,0x00000000d6280000)
  from space 512K, 50% used [0x00000000d6400000,0x00000000d6440000,0x00000000d6480000)
  to   space 512K, 0% used [0x00000000d6380000,0x00000000d6380000,0x00000000d6400000)
 ParOldGen       total 204800K, used 61125K [0x0000000080000000, 0x000000008c800000, 0x00000000d5580000)
  object space 204800K, 29% used [0x0000000080000000,0x0000000083bb1478,0x000000008c800000)
 Metaspace       used 59464K, committed 60928K, reserved 1114112K
  class space    used 6421K, committed 7040K, reserved 1048576K
}
Event: 1485.907 GC heap before
{Heap before GC invocations=314 (full 3):
 PSYoungGen      total 13824K, used 13568K [0x00000000d5580000, 0x00000000d6480000, 0x0000000100000000)
  eden space 13312K, 100% used [0x00000000d5580000,0x00000000d6280000,0x00000000d6280000)
  from space 512K, 50% used [0x00000000d6400000,0x00000000d6440000,0x00000000d6480000)
  to   space 512K, 0% used [0x00000000d6380000,0x00000000d6380000,0x00000000d6400000)
 ParOldGen       total 204800K, used 61125K [0x0000000080000000, 0x000000008c800000, 0x00000000d5580000)
  object space 204800K, 29% used [0x0000000080000000,0x0000000083bb1478,0x000000008c800000)
 Metaspace       used 60289K, committed 61824K, reserved 1114112K
  class space    used 6497K, committed 7168K, reserved 1048576K
}
Event: 1485.912 GC heap after
{Heap after GC invocations=314 (full 3):
 PSYoungGen      total 13824K, used 511K [0x00000000d5580000, 0x00000000d6480000, 0x0000000100000000)
  eden space 13312K, 0% used [0x00000000d5580000,0x00000000d5580000,0x00000000d6280000)
  from space 512K, 99% used [0x00000000d6380000,0x00000000d63ffc18,0x00000000d6400000)
  to   space 512K, 0% used [0x00000000d6400000,0x00000000d6400000,0x00000000d6480000)
 ParOldGen       total 204800K, used 61229K [0x0000000080000000, 0x000000008c800000, 0x00000000d5580000)
  object space 204800K, 29% used [0x0000000080000000,0x0000000083bcb478,0x000000008c800000)
 Metaspace       used 60289K, committed 61824K, reserved 1114112K
  class space    used 6497K, committed 7168K, reserved 1048576K
}
Event: 1582.723 GC heap before
{Heap before GC invocations=315 (full 3):
 PSYoungGen      total 13824K, used 13823K [0x00000000d5580000, 0x00000000d6480000, 0x0000000100000000)
  eden space 13312K, 100% used [0x00000000d5580000,0x00000000d6280000,0x00000000d6280000)
  from space 512K, 99% used [0x00000000d6380000,0x00000000d63ffc18,0x00000000d6400000)
  to   space 512K, 0% used [0x00000000d6400000,0x00000000d6400000,0x00000000d6480000)
 ParOldGen       total 204800K, used 61229K [0x0000000080000000, 0x000000008c800000, 0x00000000d5580000)
  object space 204800K, 29% used [0x0000000080000000,0x0000000083bcb478,0x000000008c800000)
 Metaspace       used 60362K, committed 61888K, reserved 1114112K
  class space    used 6497K, committed 7168K, reserved 1048576K
}
Event: 1582.739 GC heap after
{Heap after GC invocations=315 (full 3):
 PSYoungGen      total 13824K, used 256K [0x00000000d5580000, 0x00000000d6480000, 0x0000000100000000)
  eden space 13312K, 0% used [0x00000000d5580000,0x00000000d5580000,0x00000000d6280000)
  from space 512K, 50% used [0x00000000d6400000,0x00000000d6440000,0x00000000d6480000)
  to   space 512K, 0% used [0x00000000d6380000,0x00000000d6380000,0x00000000d6400000)
 ParOldGen       total 204800K, used 61674K [0x0000000080000000, 0x000000008c800000, 0x00000000d5580000)
  object space 204800K, 30% used [0x0000000080000000,0x0000000083c3a820,0x000000008c800000)
 Metaspace       used 60362K, committed 61888K, reserved 1114112K
  class space    used 6497K, committed 7168K, reserved 1048576K
}
Event: 1602.290 GC heap before
{Heap before GC invocations=316 (full 3):
 PSYoungGen      total 13824K, used 13568K [0x00000000d5580000, 0x00000000d6480000, 0x0000000100000000)
  eden space 13312K, 100% used [0x00000000d5580000,0x00000000d6280000,0x00000000d6280000)
  from space 512K, 50% used [0x00000000d6400000,0x00000000d6440000,0x00000000d6480000)
  to   space 512K, 0% used [0x00000000d6380000,0x00000000d6380000,0x00000000d6400000)
 ParOldGen       total 204800K, used 61674K [0x0000000080000000, 0x000000008c800000, 0x00000000d5580000)
  object space 204800K, 30% used [0x0000000080000000,0x0000000083c3a820,0x000000008c800000)
 Metaspace       used 60441K, committed 62016K, reserved 1114112K
  class space    used 6497K, committed 7168K, reserved 1048576K
}
Event: 1602.292 GC heap after
{Heap after GC invocations=316 (full 3):
 PSYoungGen      total 13824K, used 256K [0x00000000d5580000, 0x00000000d6480000, 0x0000000100000000)
  eden space 13312K, 0% used [0x00000000d5580000,0x00000000d5580000,0x00000000d6280000)
  from space 512K, 50% used [0x00000000d6380000,0x00000000d63c0000,0x00000000d6400000)
  to   space 512K, 0% used [0x00000000d6400000,0x00000000d6400000,0x00000000d6480000)
 ParOldGen       total 204800K, used 61746K [0x0000000080000000, 0x000000008c800000, 0x00000000d5580000)
  object space 204800K, 30% used [0x0000000080000000,0x0000000083c4c820,0x000000008c800000)
 Metaspace       used 60441K, committed 62016K, reserved 1114112K
  class space    used 6497K, committed 7168K, reserved 1048576K
}
Event: 2141.144 GC heap before
{Heap before GC invocations=317 (full 3):
 PSYoungGen      total 13824K, used 13568K [0x00000000d5580000, 0x00000000d6480000, 0x0000000100000000)
  eden space 13312K, 100% used [0x00000000d5580000,0x00000000d6280000,0x00000000d6280000)
  from space 512K, 50% used [0x00000000d6380000,0x00000000d63c0000,0x00000000d6400000)
  to   space 512K, 0% used [0x00000000d6400000,0x00000000d6400000,0x00000000d6480000)
 ParOldGen       total 204800K, used 61746K [0x0000000080000000, 0x000000008c800000, 0x00000000d5580000)
  object space 204800K, 30% used [0x0000000080000000,0x0000000083c4c820,0x000000008c800000)
 Metaspace       used 60531K, committed 62080K, reserved 1114112K
  class space    used 6500K, committed 7168K, reserved 1048576K
}
Event: 2141.159 GC heap after
{Heap after GC invocations=317 (full 3):
 PSYoungGen      total 13824K, used 256K [0x00000000d5580000, 0x00000000d6480000, 0x0000000100000000)
  eden space 13312K, 0% used [0x00000000d5580000,0x00000000d5580000,0x00000000d6280000)
  from space 512K, 50% used [0x00000000d6400000,0x00000000d6440000,0x00000000d6480000)
  to   space 512K, 0% used [0x00000000d6380000,0x00000000d6380000,0x00000000d6400000)
 ParOldGen       total 204800K, used 61810K [0x0000000080000000, 0x000000008c800000, 0x00000000d5580000)
  object space 204800K, 30% used [0x0000000080000000,0x0000000083c5c820,0x000000008c800000)
 Metaspace       used 60531K, committed 62080K, reserved 1114112K
  class space    used 6500K, committed 7168K, reserved 1048576K
}

